=== Bắt đầu huấn luyện models/elnet/elnet12n_base.yaml ===
[DIMB_C3k2] i/o: 128->128, n=1, e=0.5, c_=64, shortcut=True
[DIMB_C3k2] i/o: 256->64, n=1, e=0.5, c_=32, shortcut=False
[DIMB_C3k2] i/o: 128->32, n=1, e=0.5, c_=16, shortcut=False
[DIMB_C3k2] i/o: 128->128, n=1, e=0.5, c_=64, shortcut=True
[DIMB_C3k2] i/o: 256->64, n=1, e=0.5, c_=32, shortcut=False
[DIMB_C3k2] i/o: 128->32, n=1, e=0.5, c_=16, shortcut=False
[K[34m[1mtrain: [0mScanning C:\AI\Animal-detection\WAID\labels\train.cache... 10056 images, 0 backgrounds, 0 corrupt: 100% ━━━━━━━━━━━━ 10056/10056  0.0s[K[34m[1mtrain: [0mScanning C:\AI\Animal-detection\WAID\labels\train.cache... 10056 images, 0 backgrounds, 0 corrupt: 100% ━━━━━━━━━━━━ 10056/10056  0.0s
Traceback (most recent call last):
  File "<string>", line 1, in <module>
  File "C:\Users\Khai\miniconda3\envs\yolo\lib\multiprocessing\spawn.py", line 116, in spawn_main
    exitcode = _main(fd, parent_sentinel)
  File "C:\Users\Khai\miniconda3\envs\yolo\lib\multiprocessing\spawn.py", line 125, in _main
    prepare(preparation_data)
  File "C:\Users\Khai\miniconda3\envs\yolo\lib\multiprocessing\spawn.py", line 236, in prepare
    _fixup_main_from_path(data['init_main_from_path'])
  File "C:\Users\Khai\miniconda3\envs\yolo\lib\multiprocessing\spawn.py", line 287, in _fixup_main_from_path
    main_content = runpy.run_path(main_path,
  File "C:\Users\Khai\miniconda3\envs\yolo\lib\runpy.py", line 289, in run_path
    return _run_module_code(code, init_globals, run_name,
  File "C:\Users\Khai\miniconda3\envs\yolo\lib\runpy.py", line 96, in _run_module_code
    _run_code(code, mod_globals, init_globals,
  File "C:\Users\Khai\miniconda3\envs\yolo\lib\runpy.py", line 86, in _run_code
    exec(code, run_globals)
  File "C:\AI\Animal-detection\train_elnet12n_base.py", line 29, in <module>
    results = model.train(
  File "C:\Users\Khai\miniconda3\envs\yolo\lib\site-packages\ultralytics\engine\model.py", line 800, in train
    self.trainer.train()
  File "C:\Users\Khai\miniconda3\envs\yolo\lib\site-packages\ultralytics\engine\trainer.py", line 240, in train
    self._do_train()
  File "C:\Users\Khai\miniconda3\envs\yolo\lib\site-packages\ultralytics\engine\trainer.py", line 361, in _do_train
    self._setup_train()
  File "C:\Users\Khai\miniconda3\envs\yolo\lib\site-packages\ultralytics\engine\trainer.py", line 320, in _setup_train
    self.train_loader = self.get_dataloader(
  File "C:\Users\Khai\miniconda3\envs\yolo\lib\site-packages\ultralytics\models\yolo\detect\train.py", line 102, in get_dataloader
    return build_dataloader(
  File "C:\Users\Khai\miniconda3\envs\yolo\lib\site-packages\ultralytics\data\build.py", line 324, in build_dataloader
    return InfiniteDataLoader(
  File "C:\Users\Khai\miniconda3\envs\yolo\lib\site-packages\ultralytics\data\build.py", line 68, in __init__
    self.iterator = super().__iter__()
  File "C:\Users\Khai\miniconda3\envs\yolo\lib\site-packages\torch\utils\data\dataloader.py", line 494, in __iter__
    return self._get_iterator()
  File "C:\Users\Khai\miniconda3\envs\yolo\lib\site-packages\torch\utils\data\dataloader.py", line 427, in _get_iterator
    return _MultiProcessingDataLoaderIter(self)
  File "C:\Users\Khai\miniconda3\envs\yolo\lib\site-packages\torch\utils\data\dataloader.py", line 1170, in __init__
    w.start()
  File "C:\Users\Khai\miniconda3\envs\yolo\lib\multiprocessing\process.py", line 121, in start
    self._popen = self._Popen(self)
  File "C:\Users\Khai\miniconda3\envs\yolo\lib\multiprocessing\context.py", line 224, in _Popen
    return _default_context.get_context().Process._Popen(process_obj)
  File "C:\Users\Khai\miniconda3\envs\yolo\lib\multiprocessing\context.py", line 336, in _Popen
    return Popen(process_obj)
  File "C:\Users\Khai\miniconda3\envs\yolo\lib\multiprocessing\popen_spawn_win32.py", line 45, in __init__
    prep_data = spawn.get_preparation_data(process_obj._name)
  File "C:\Users\Khai\miniconda3\envs\yolo\lib\multiprocessing\spawn.py", line 154, in get_preparation_data
    _check_not_importing_main()
  File "C:\Users\Khai\miniconda3\envs\yolo\lib\multiprocessing\spawn.py", line 134, in _check_not_importing_main
    raise RuntimeError('''
RuntimeError: 
        An attempt has been made to start a new process before the
        current process has finished its bootstrapping phase.

        This probably means that you are not using fork to start your
        child processes and you have forgotten to use the proper idiom
        in the main module:

            if __name__ == '__main__':
                freeze_support()
                ...

        The "freeze_support()" line can be omitted if the program
        is not going to be frozen to produce an executable.
